<?xml version="1.0" encoding="UTF-8"?>
<!-- Generated by org.testng.reporters.JUnitReportReporter -->
<testsuite hostname="DESKTOP-A0PA6AD" failures="0" tests="1" name="naloor.testcase1" time="11.445" errors="0" timestamp="2022-10-13T01:47:43 IST" skipped="0">
  <testcase classname="naloor.testcase1" name="tc1" time="11.445"/>
  <system-out/>
</testsuite> <!-- naloor.testcase1 -->
